

> @elizaos-plugins/service-speech-tts@0.1.8+build.1 build /Users/gdesign/developer-projects/laborales/upstreet/eliza-private/packages/plugin-speech-tts
> tsup --format esm --dts

[34mCLI[39m Building entry: src/index.ts
[34mCLI[39m Using tsconfig: tsconfig.json
[34mCLI[39m tsup v8.3.5
[34mCLI[39m Using tsup config: /Users/gdesign/developer-projects/laborales/upstreet/eliza-private/packages/plugin-speech-tts/tsup.config.ts
[34mCLI[39m Target: esnext
[34mCLI[39m Cleaning output folder
[34mESM[39m Build start
[32mESM[39m [1mdist/node-ponyfill-SD3BQ5BM.js     [22m[32m183.00 B[39m
[32mESM[39m [1mdist/wrapper-IANJ3KLP.js           [22m[32m130.02 KB[39m
[32mESM[39m [1mdist/chunk-PLDDJCW6.js             [22m[32m2.10 KB[39m
[32mESM[39m [1mdist/chunk-WNHUUMDV.js             [22m[32m582.44 KB[39m
[32mESM[39m [1mdist/index.js                      [22m[32m584.18 KB[39m
[32mESM[39m [1mdist/node-ponyfill-SD3BQ5BM.js.map [22m[32m71.00 B[39m
[32mESM[39m [1mdist/wrapper-IANJ3KLP.js.map       [22m[32m209.83 KB[39m
[32mESM[39m [1mdist/chunk-PLDDJCW6.js.map         [22m[32m71.00 B[39m
[32mESM[39m [1mdist/chunk-WNHUUMDV.js.map         [22m[32m378.84 KB[39m
[32mESM[39m [1mdist/index.js.map                  [22m[32m989.53 KB[39m
[32mESM[39m ⚡️ Build success in 538ms
DTS Build start
DTS ⚡️ Build success in 6795ms
DTS dist/index.d.ts 3.80 KB
